#
# There is insufficient memory for the Java Runtime Environment to continue.
# Native memory allocation (mmap) failed to map 266338304 bytes for G1 virtual space
# Possible reasons:
#   The system is out of physical RAM or swap space
#   The process is running with CompressedOops enabled, and the Java Heap may be blocking the growth of the native heap
# Possible solutions:
#   Reduce memory load on the system
#   Increase physical memory or swap space
#   Check if swap backing store is full
#   Decrease Java heap size (-Xmx/-Xms)
#   Decrease number of Java threads
#   Decrease Java thread stack sizes (-Xss)
#   Set larger code cache with -XX:ReservedCodeCacheSize=
#   JVM is running with Zero Based Compressed Oops mode in which the Java heap is
#     placed in the first 32GB address space. The Java Heap base address is the
#     maximum limit for the native heap growth. Please use -XX:HeapBaseMinAddress
#     to set the Java Heap base and to place the Java Heap above 32GB virtual address.
# This output file may be truncated or incomplete.
#
#  Out of Memory Error (os_windows.cpp:3528), pid=22872, tid=22628
#
# JRE version:  (20.0.1+9) (build )
# Java VM: Java HotSpot(TM) 64-Bit Server VM (20.0.1+9-29, mixed mode, sharing, tiered, compressed oops, compressed class ptrs, g1 gc, windows-amd64)
# No core dump will be written. Minidumps are not enabled by default on client versions of Windows
#

---------------  S U M M A R Y ------------

Command Line: -Dfile.encoding=utf8 c:\Users\Kira\.vscode\extensions\vscjava.vscode-gradle-3.13.5\lib\gradle-language-server.jar

Host: Intel(R) Core(TM) i7-7500U CPU @ 2.70GHz, 4 cores, 15G,  Windows 11 , 64 bit Build 26058 (10.0.26058.1000)
Time: Sun Mar 10 04:39:45 2024 South Africa Standard Time elapsed time: 0.501316 seconds (0d 0h 0m 0s)

---------------  T H R E A D  ---------------

Current thread (0x0000027c4bc2ad60):  JavaThread "Unknown thread" [_thread_in_vm, id=22628, stack(0x000000b998300000,0x000000b998400000)]

Stack: [0x000000b998300000,0x000000b998400000]
Native frames: (J=compiled Java code, j=interpreted, Vv=VM code, C=native code)
V  [jvm.dll+0x6bb95a]
V  [jvm.dll+0x8485fa]
V  [jvm.dll+0x84a1f5]
V  [jvm.dll+0x84a8f3]
V  [jvm.dll+0x280b0f]
V  [jvm.dll+0x6b86e9]
V  [jvm.dll+0x6ad2da]
V  [jvm.dll+0x35adf5]
V  [jvm.dll+0x363016]
V  [jvm.dll+0x3b3b3e]
V  [jvm.dll+0x3b3dc5]
V  [jvm.dll+0x32b50a]
V  [jvm.dll+0x32c32b]
V  [jvm.dll+0x8112bf]
V  [jvm.dll+0x3c0d91]
V  [jvm.dll+0x7fcfe3]
V  [jvm.dll+0x44c76f]
V  [jvm.dll+0x44e0e1]
C  [jli.dll+0x5287]
C  [ucrtbase.dll+0x69ee0]
C  [KERNEL32.DLL+0x28d17]
C  [ntdll.dll+0x77450]


---------------  P R O C E S S  ---------------

Threads class SMR info:
_java_thread_list=0x00007ffc352ea098, length=0, elements={
}

Java Threads: ( => current thread )

Other Threads:
  0x0000027c4bc9a310 WorkerThread "GC Thread#0" [stack: 0x000000b998500000,0x000000b998600000] [id=22296]
  0x0000027c4bcab020 ConcurrentGCThread "G1 Main Marker" [stack: 0x000000b998600000,0x000000b998700000] [id=13112]
  0x0000027c4bcaba50 WorkerThread "G1 Conc#0" [stack: 0x000000b998700000,0x000000b998800000] [id=4568]

[error occurred during error reporting (printing all threads), id 0xc0000005, EXCEPTION_ACCESS_VIOLATION (0xc0000005) at pc=0x00007ffc34aceb47]
VM state: not at safepoint (not fully initialized)

VM Mutex/Monitor currently owned by a thread:  ([mutex/lock_event])
[0x0000027c4bc28930] Heap_lock - owner thread: 0x0000027c4bc2ad60

Heap address: 0x0000000702000000, size: 4064 MB, Compressed Oops mode: Zero based, Oop shift amount: 3

CDS archive(s) mapped at: [0x0000000000000000-0x0000000000000000-0x0000000000000000), size 0, SharedBaseAddress: 0x0000000800000000, ArchiveRelocationMode: 0.
Narrow klass base: 0x0000000000000000, Narrow klass shift: 0, Narrow klass range: 0x0

GC Precious Log:
 CardTable entry size: 512
 Card Set container configuration: InlinePtr #cards 4 size 8 Array Of Cards #cards 16 size 48 Howl #buckets 8 coarsen threshold 3686 Howl Bitmap #cards 512 size 80 coarsen threshold 460 Card regions per heap region 1 cards per card region 4096

Heap:
 garbage-first heap   total 0K, used 0K [0x0000000702000000, 0x0000000800000000)
  region size 2048K, 0 young (0K), 0 survivors (0K)

[error occurred during error reporting (printing heap information), id 0xc0000005, EXCEPTION_ACCESS_VIOLATION (0xc0000005) at pc=0x00007ffc34ea3c59]
GC Heap History (0 events):
No events

Dll operation events (1 events):
Event: 0.021 Loaded shared library C:\Program Files\Java\jdk-20.0.1\bin\java.dll

Deoptimization events (0 events):
No events

Classes loaded (0 events):
No events

Classes unloaded (0 events):
No events

Classes redefined (0 events):
No events

Internal exceptions (0 events):
No events

VM Operations (0 events):
No events

Events (0 events):
No events


Dynamic libraries:
0x00007ff6474d0000 - 0x00007ff6474e0000 	C:\Program Files\Java\jdk-20.0.1\bin\java.exe
0x00007ffcbe090000 - 0x00007ffcbe2df000 	C:\WINDOWS\SYSTEM32\ntdll.dll
0x00007ffcbd620000 - 0x00007ffcbd6e6000 	C:\WINDOWS\System32\KERNEL32.DLL
0x00007ffcbb550000 - 0x00007ffcbb8e6000 	C:\WINDOWS\System32\KERNELBASE.dll
0x00007ffcbb400000 - 0x00007ffcbb54b000 	C:\WINDOWS\System32\ucrtbase.dll
0x00007ffc8faa0000 - 0x00007ffc8fab9000 	C:\Program Files\Java\jdk-20.0.1\bin\jli.dll
0x00007ffcbd0e0000 - 0x00007ffcbd192000 	C:\WINDOWS\System32\ADVAPI32.dll
0x00007ffcbd9d0000 - 0x00007ffcbda79000 	C:\WINDOWS\System32\msvcrt.dll
0x00007ffcbdfa0000 - 0x00007ffcbe046000 	C:\WINDOWS\System32\sechost.dll
0x00007ffcbbe60000 - 0x00007ffcbbe86000 	C:\WINDOWS\System32\bcrypt.dll
0x00007ffcbc420000 - 0x00007ffcbc539000 	C:\WINDOWS\System32\RPCRT4.dll
0x00007ffcbdb20000 - 0x00007ffcbdcdf000 	C:\WINDOWS\System32\USER32.dll
0x00007ffcbbac0000 - 0x00007ffcbbae7000 	C:\WINDOWS\System32\win32u.dll
0x00007ffcbdaf0000 - 0x00007ffcbdb1a000 	C:\WINDOWS\System32\GDI32.dll
0x00007ffcbb990000 - 0x00007ffcbbab0000 	C:\WINDOWS\System32\gdi32full.dll
0x00007ffcbbc30000 - 0x00007ffcbbcd3000 	C:\WINDOWS\System32\msvcp_win.dll
0x00007ffc8ebc0000 - 0x00007ffc8ebdb000 	C:\Program Files\Java\jdk-20.0.1\bin\VCRUNTIME140.dll
0x00007ffca8810000 - 0x00007ffca8aa1000 	C:\WINDOWS\WinSxS\amd64_microsoft.windows.common-controls_6595b64144ccf1df_6.0.26058.1000_none_3fb4aebdb096c418\COMCTL32.dll
0x00007ffcb80b0000 - 0x00007ffcb80bb000 	C:\WINDOWS\SYSTEM32\VERSION.dll
0x00007ffcbd9a0000 - 0x00007ffcbd9cd000 	C:\WINDOWS\System32\IMM32.DLL
0x00007ffca8450000 - 0x00007ffca845c000 	C:\Program Files\Java\jdk-20.0.1\bin\vcruntime140_1.dll
0x00007ffc68e60000 - 0x00007ffc68eee000 	C:\Program Files\Java\jdk-20.0.1\bin\msvcp140.dll
0x00007ffc34790000 - 0x00007ffc35427000 	C:\Program Files\Java\jdk-20.0.1\bin\server\jvm.dll
0x00007ffca8420000 - 0x00007ffca842a000 	C:\WINDOWS\SYSTEM32\WSOCK32.dll
0x00007ffcbded0000 - 0x00007ffcbdf44000 	C:\WINDOWS\System32\WS2_32.dll
0x00007ffcae6f0000 - 0x00007ffcae726000 	C:\WINDOWS\SYSTEM32\WINMM.dll
0x00007ffcba180000 - 0x00007ffcba19a000 	C:\WINDOWS\SYSTEM32\kernel.appcore.dll
0x00007ffca82f0000 - 0x00007ffca82fa000 	C:\Program Files\Java\jdk-20.0.1\bin\jimage.dll
0x00007ffcb8c80000 - 0x00007ffcb8ebd000 	C:\WINDOWS\SYSTEM32\DBGHELP.DLL
0x00007ffcbbf70000 - 0x00007ffcbc2e9000 	C:\WINDOWS\System32\combase.dll
0x00007ffcbbe90000 - 0x00007ffcbbf66000 	C:\WINDOWS\System32\OLEAUT32.dll
0x00007ffc56f70000 - 0x00007ffc56fa9000 	C:\WINDOWS\SYSTEM32\dbgcore.DLL
0x00007ffcbb8f0000 - 0x00007ffcbb989000 	C:\WINDOWS\System32\bcryptPrimitives.dll
0x00007ffc79c80000 - 0x00007ffc79ca6000 	C:\Program Files\Java\jdk-20.0.1\bin\java.dll

dbghelp: loaded successfully - version: 4.0.5 - missing functions: none
symbol engine: initialized successfully - sym options: 0x614 - pdb path: .;C:\Program Files\Java\jdk-20.0.1\bin;C:\WINDOWS\SYSTEM32;C:\WINDOWS\WinSxS\amd64_microsoft.windows.common-controls_6595b64144ccf1df_6.0.26058.1000_none_3fb4aebdb096c418;C:\Program Files\Java\jdk-20.0.1\bin\server

VM Arguments:
jvm_args: -Dfile.encoding=utf8 
java_command: c:\Users\Kira\.vscode\extensions\vscjava.vscode-gradle-3.13.5\lib\gradle-language-server.jar
java_class_path (initial): c:\Users\Kira\.vscode\extensions\vscjava.vscode-gradle-3.13.5\lib\gradle-language-server.jar
Launcher Type: SUN_STANDARD

[Global flags]
     intx CICompilerCount                          = 3                                         {product} {ergonomic}
     uint ConcGCThreads                            = 1                                         {product} {ergonomic}
     uint G1ConcRefinementThreads                  = 4                                         {product} {ergonomic}
   size_t G1HeapRegionSize                         = 2097152                                   {product} {ergonomic}
    uintx GCDrainStackTargetSize                   = 64                                        {product} {ergonomic}
   size_t InitialHeapSize                          = 266338304                                 {product} {ergonomic}
   size_t MarkStackSize                            = 4194304                                   {product} {ergonomic}
   size_t MaxHeapSize                              = 4261412864                                {product} {ergonomic}
   size_t MinHeapDeltaBytes                        = 2097152                                   {product} {ergonomic}
   size_t MinHeapSize                              = 8388608                                   {product} {ergonomic}
    uintx NonNMethodCodeHeapSize                   = 5832780                                {pd product} {ergonomic}
    uintx NonProfiledCodeHeapSize                  = 122912730                              {pd product} {ergonomic}
    uintx ProfiledCodeHeapSize                     = 122912730                              {pd product} {ergonomic}
    uintx ReservedCodeCacheSize                    = 251658240                              {pd product} {ergonomic}
     bool SegmentedCodeCache                       = true                                      {product} {ergonomic}
   size_t SoftMaxHeapSize                          = 4261412864                             {manageable} {ergonomic}
     bool UseCompressedClassPointers               = true                           {product lp64_product} {ergonomic}
     bool UseCompressedOops                        = true                           {product lp64_product} {ergonomic}
     bool UseG1GC                                  = true                                      {product} {ergonomic}
     bool UseLargePagesIndividualAllocation        = false                                  {pd product} {ergonomic}

Logging:
Log output configuration:
 #0: stdout all=warning uptime,level,tags foldmultilines=false
 #1: stderr all=off uptime,level,tags foldmultilines=false

Environment Variables:
JAVA_HOME=C:\Program Files\Java\jdk-20.0.1
PATH=C:\Python312\Scripts\;C:\Python312\;C:\Program Files (x86)\Common Files\Oracle\Java\javapath;C:\Python311\Scripts\;C:\Python311\;C:\Program Files (x86)\Intel\Intel(R) Management Engine Components\iCLS\;C:\Program Files\Intel\Intel(R) Management Engine Components\iCLS\;C:\Windows\system32;C:\Windows;C:\Windows\System32\Wbem;C:\Windows\System32\WindowsPowerShell\v1.0\;C:\Windows\System32\OpenSSH\;C:\ProgramData\chocolatey\bin;C:\Program Files\dotnet\;C:\Program Files\NVIDIA Corporation\NVIDIA NvDLISR;c:\Program Files (x86)\Intel\Intel(R) Management Engine Components\DAL;c:\Program Files\Intel\Intel(R) Management Engine Components\DAL;c:\Program Files (x86)\Intel\Intel(R) Management Engine Components\IPT;c:\Program Files\Intel\Intel(R) Management Engine Components\IPT;C:\sqlite\sqlite3.exe;C:\Users\Kira\AppData\Roaming\nvm;C:\Program Files\nodejs;C:\Users\Kira\AppData\Roaming\nvm\;C:\Users\Kira\AppData\Local\Pub\Cache\bin;C:\Users\Kira\Downloads\Xamp\php;C:\ProgramData\ComposerSetup\bin;C:\gradle\bin;C:\Program Files\Java\jdk-20.0.1\bin;C:\Program Files (x86)\NVIDIA Corporation\PhysX\Common;C:\Program Files\Docker\Docker\resources\bin;C:\WINDOWS\system32;C:\WINDOWS;C:\WINDOWS\System32\Wbem;C:\WINDOWS\System32\WindowsPowerShell\v1.0\;C:\WINDOWS\System32\OpenSSH\;C:\Program Files\nodejs\;C:\Program Files\PowerShell\7\;C:\Program Files\Git\cmd;C:\Users\Kira\AppData\Local\Microsoft\WindowsApps;C:\src\flutter\bin;C:\sqlite;C:\Users\Kira\AppData\Roaming\nvm;C:\Program Files\nodejs;C:\Program Files\heroku\bin;C:\Users\Kira\AppData\Roaming\Composer\vendor\bin;C:\tools\dart-sdk\bin;C:\Users\Kira\AppData\Roaming\Pub\Cache\bin;C:\Program Files\Java\jdk-20.0.1;C:\Users\Kira\AppData\Local\GitHubDesktop\bin;C:\Users\Kira\AppData\Local\Programs\Microsoft VS Code\bin;C:\Users\Kira\AppData\Roaming\npm;"C:\src\flutter\bin";C:\Program Files\JetBrains\PyCharm 2023.3.3\bin;;C:\Program Files\JetBrains\PyCharm Community Edition 2023.3.3\bin;
USERNAME=Kira
OS=Windows_NT
PROCESSOR_IDENTIFIER=Intel64 Family 6 Model 142 Stepping 9, GenuineIntel
TMP=C:\Users\Kira\AppData\Local\Temp
TEMP=C:\Users\Kira\AppData\Local\Temp




---------------  S Y S T E M  ---------------

OS:
 Windows 11 , 64 bit Build 26058 (10.0.26058.1000)
OS uptime: 1 days 3:20 hours
Hyper-V role detected

CPU: total 4 (initial active 4) (2 cores per cpu, 2 threads per core) family 6 model 142 stepping 9 microcode 0xde, cx8, cmov, fxsr, ht, mmx, 3dnowpref, sse, sse2, sse3, ssse3, sse4.1, sse4.2, popcnt, lzcnt, tsc, tscinvbit, avx, avx2, aes, erms, clmul, bmi1, bmi2, adx, fma, vzeroupper, clflush, clflushopt, hv, rdtscp, f16c

Memory: 4k page, system-wide physical 16250M (8233M free)
TotalPageFile size 65402M (AvailPageFile size 135M)
current process WorkingSet (physical memory assigned to process): 12M, peak: 12M
current process commit charge ("private bytes"): 52M, peak: 306M

vm_info: Java HotSpot(TM) 64-Bit Server VM (20.0.1+9-29) for windows-amd64 JRE (20.0.1+9-29), built on 2023-03-07T13:56:11Z by "mach5one" with MS VC++ 17.1 (VS2022)

END.
